Logfile initialized
[INFO] logfile = /Users/thewarpedcoder/Documents/Titanium Studio Workspace/TiCustomMenu/build.log
[DEBUG] /Library/Application Support/Titanium/mobilesdk/osx/2.0.1.CR1/android/builder.py simulator TiCustomMenu /Users/thewarpedcoder/android-sdk-mac_x86 /Users/thewarpedcoder/Documents/Titanium Studio Workspace/TiCustomMenu com.thewarpedcoder.TiCustomMenu 12 HVGA 
[INFO] Building TiCustomMenu for Android ... one moment
[INFO] Titanium SDK version: 2.0.1 (04/10/12 13:17 0234887)
[DEBUG] Waiting for device to be ready ...
[TRACE] adb devices returned 1 devices/emulators
[DEBUG] Device connected... (waited 0 seconds)
[DEBUG] waited 0.018921 seconds on emulator to get ready
[DEBUG] com.thewarpedcoder.TiCustomMenu installed? True
[INFO] Fastdev server running, deploying in Fastdev mode
[INFO] Copying CommonJS modules...
[INFO] Copying project resources..
[TRACE] COPYING MODIFIED FILE: /Users/thewarpedcoder/Documents/Titanium Studio Workspace/TiCustomMenu/Resources/control/controller.js => /Users/thewarpedcoder/Documents/Titanium Studio Workspace/TiCustomMenu/build/android/bin/assets/Resources/control/controller.js
[INFO] Tiapp.xml unchanged, skipping class generation
[DEBUG] Processing Android resource drawables
[INFO] Waiting for SDCard to become available..
[INFO] Re-launching application ... TiCustomMenu
[INFO] Launching application ... TiCustomMenu
[TRACE] Launch output: Starting: Intent { act=android.intent.action.MAIN cat=[android.intent.category.LAUNCHER] cmp=com.thewarpedcoder.TiCustomMenu/.TicustommenuActivity }

[INFO] Relaunched TiCustomMenu ... Application should be running.
[INFO] Android Emulator has exited
